<?xml version="1.0" encoding="UTF-8"?>
<testng-results ignored="0" total="1" passed="1" failed="0" skipped="0">
  <reporter-output>
  </reporter-output>
  <suite started-at="2021-04-26T13:18:13 EDT" name="Default suite" finished-at="2021-04-26T13:18:13 EDT" duration-ms="63">
    <groups>
    </groups>
    <test started-at="2021-04-26T13:18:13 EDT" name="Default test" finished-at="2021-04-26T13:18:13 EDT" duration-ms="63">
      <class name="com.helloworld.FirstCode">
        <test-method signature="Demo()[pri:0, instance:com.helloworld.FirstCode@add0edd]" started-at="2021-04-26T13:18:13 EDT" name="Demo" finished-at="2021-04-26T13:18:13 EDT" duration-ms="10" status="PASS">
          <reporter-output>
          </reporter-output>
        </test-method> <!-- Demo -->
      </class> <!-- com.helloworld.FirstCode -->
    </test> <!-- Default test -->
  </suite> <!-- Default suite -->
</testng-results>
